[debug] > Exec(early(addDefaultCommands), None, None)
[debug] > Exec(addDefaultCommands, None, None)
[debug] > Exec(early(initialize), None, None)
[debug] > Exec(initialize, None, None)
[debug] > Exec(early(addPluginSbtFile="""C:\Users\aliya\AppData\Local\Temp\idea.sbt"""), None, None)
[debug] > Exec(addPluginSbtFile="""C:\Users\aliya\AppData\Local\Temp\idea.sbt""", None, None)
[debug] > Exec(boot, None, None)
[debug] > Exec(writeSbtVersion, None, None)
[debug] > Exec(reload, None, None)
[debug] > Exec(sbtStashOnFailure, None, None)
[debug] > Exec(onFailure loadFailed, None, None)
[debug] > Exec(loadp, None, None)
[info] welcome to sbt 1.11.7 (Temurin Java 1.8.0_472)
[debug]       Load.loadUnit: plugins took 85.0539ms
[debug]       Load.loadUnit: defsScala took 0.326ms
[debug] [Loading] Scanning directory C:\Users\aliya\.sbt\1.0\plugins
[debug] [Loading] Found non-root projects 
[debug] [Loading] Done in C:\Users\aliya\.sbt\1.0\plugins, returning: ()
[debug] deducing auto plugins based on known facts Set(Atom(sbt.plugins.CorePlugin)) and clauses Clauses(Clause(Atom(sbt.plugins.JvmPlugin),Set(Atom(sbt.plugins.IvyPlugin)))
[debug] Clause(Atom(sbt.ScriptedPlugin),Set(Atom(sbt.plugins.JvmPlugin)))
[debug] Clause(Atom(sbt.plugins.SbtPlugin),Set(Atom(sbt.ScriptedPlugin)))
[debug] Clause(Atom(sbt.plugins.SemanticdbPlugin),Set(Atom(sbt.plugins.JvmPlugin)))
[debug] Clause(Atom(sbt.plugins.JUnitXmlReportPlugin),Set(Atom(sbt.plugins.JvmPlugin)))
[debug] Clause(Atom(sbt.plugins.MiniDependencyTreePlugin),Set(Atom(sbt.plugins.JvmPlugin)))
[debug] Clause(Atom(sbt.plugins.CorePlugin),Set(Atom(sbt.plugins.IvyPlugin)))
[debug] Clause(Atom(sbt.plugins.IvyPlugin),Set(Atom(sbt.plugins.JvmPlugin)))
[debug] Clause(Atom(sbt.plugins.JvmPlugin),Set(Atom(sbt.plugins.SemanticdbPlugin)))
[debug] Clause(Atom(sbt.plugins.JvmPlugin),Set(Atom(sbt.plugins.JUnitXmlReportPlugin)))
[debug] Clause(Atom(sbt.plugins.CorePlugin),Set(Atom(sbt.plugins.Giter8TemplatePlugin)))
[debug] Clause(Atom(sbt.plugins.JvmPlugin),Set(Atom(sbt.plugins.MiniDependencyTreePlugin))))
[debug]   :: deduced result: Matched(sbt.plugins.CorePlugin,sbt.plugins.Giter8TemplatePlugin,sbt.plugins.IvyPlugin,sbt.plugins.JvmPlugin,sbt.plugins.MiniDependencyTreePlugin,sbt.plugins.JUnitXmlReportPlugin,sbt.plugins.SemanticdbPlugin)
[debug] Plugins.deducer#function took 11.5547 ms
[debug]           Load.resolveProject(global-plugins) took 30.0001ms
[debug]         Load.loadTransitive: finalizeProject(Project(id global-plugins, base: C:\Users\aliya\.sbt\1.0\plugins, plugins: List(<none>))) took 132.5431ms
[debug] [Loading] Done in C:\Users\aliya\.sbt\1.0\plugins, returning: (global-plugins)
[debug]       Load.loadUnit: loadedProjectsRaw took 155.0062ms
[debug]       Load.loadUnit: cleanEvalClasses took 0.1489ms
[debug]     Load.loadUnit(file:/C:/Users/aliya/.sbt/1.0/plugins/, ...) took 245.8017ms
[debug]   Load.apply: load took 361.3466ms
[debug]   Load.apply: resolveProjects took 4.4948ms
[debug]   Load.apply: finalTransforms took 43.1931ms
[debug]   Load.apply: config.delegates took 5.3121ms
[debug]   Load.apply: Def.make(settings)... took 281.8089ms
[debug]   Load.apply: structureIndex took 66.926899ms
[debug]   Load.apply: mkStreams took 1.061199ms
[info] loading global plugins from C:\Users\aliya\.sbt\1.0\plugins
[debug] Running task... Cancel: Signal, check cycles: false, forcegc: true
[debug] Load.defaultLoad until apply took 3003.1169ms
[debug]           Load.loadUnit: plugins took 19.4379ms
[debug]           Load.loadUnit: defsScala took 0.0026ms
[debug] [Loading] Scanning directory C:\Users\aliya\Desktop\IntelliJ IDEA 2024.3\bin\Desktop\Projects\Spark-Scala\project
[debug]             Load.loadUnit: mkEval took 7.4537ms
[debug] [Loading] Found non-root projects 
[debug] [Loading] Done in C:\Users\aliya\Desktop\IntelliJ IDEA 2024.3\bin\Desktop\Projects\Spark-Scala\project, returning: ()
[debug] deducing auto plugins based on known facts Set(Atom(sbt.plugins.CorePlugin)) and clauses Clauses(Clause(Atom(sbt.plugins.JvmPlugin),Set(Atom(sbt.plugins.IvyPlugin)))
[debug] Clause(Atom(sbt.ScriptedPlugin),Set(Atom(sbt.plugins.JvmPlugin)))
[debug] Clause(Atom(sbt.plugins.SbtPlugin),Set(Atom(sbt.ScriptedPlugin)))
[debug] Clause(Atom(sbt.plugins.SemanticdbPlugin),Set(Atom(sbt.plugins.JvmPlugin)))
[debug] Clause(Atom(sbt.plugins.JUnitXmlReportPlugin),Set(Atom(sbt.plugins.JvmPlugin)))
[debug] Clause(Atom(sbt.plugins.MiniDependencyTreePlugin),Set(Atom(sbt.plugins.JvmPlugin)))
[debug] Clause(Atom(sbt.plugins.CorePlugin),Set(Atom(sbt.plugins.IvyPlugin)))
[debug] Clause(Atom(sbt.plugins.IvyPlugin),Set(Atom(sbt.plugins.JvmPlugin)))
[debug] Clause(Atom(sbt.plugins.JvmPlugin),Set(Atom(sbt.plugins.SemanticdbPlugin)))
[debug] Clause(Atom(sbt.plugins.JvmPlugin),Set(Atom(sbt.plugins.JUnitXmlReportPlugin)))
[debug] Clause(Atom(sbt.plugins.CorePlugin),Set(Atom(sbt.plugins.Giter8TemplatePlugin)))
[debug] Clause(Atom(sbt.plugins.JvmPlugin),Set(Atom(sbt.plugins.MiniDependencyTreePlugin))))
[debug]   :: deduced result: Matched(sbt.plugins.CorePlugin,sbt.plugins.Giter8TemplatePlugin,sbt.plugins.IvyPlugin,sbt.plugins.JvmPlugin,sbt.plugins.MiniDependencyTreePlugin,sbt.plugins.JUnitXmlReportPlugin,sbt.plugins.SemanticdbPlugin)
[debug] Plugins.deducer#function took 1.4427 ms
[info] loading settings for project spark-scala-build from idea.sbt...
[debug]               Load.resolveProject(spark-scala-build) took 2.5844ms
[debug]             Load.loadTransitive: finalizeProject(Project(id spark-scala-build, base: C:\Users\aliya\Desktop\IntelliJ IDEA 2024.3\bin\Desktop\Projects\Spark-Scala\project, plugins: List(<none>))) took 4.4239ms
[debug] [Loading] Done in C:\Users\aliya\Desktop\IntelliJ IDEA 2024.3\bin\Desktop\Projects\Spark-Scala\project, returning: (spark-scala-build)
[debug]           Load.loadUnit: loadedProjectsRaw took 1727.969301ms
[debug]           Load.loadUnit: cleanEvalClasses took 2.972199ms
[debug]         Load.loadUnit(file:/C:/Users/aliya/Desktop/IntelliJ%20IDEA%202024.3/bin/Desktop/Projects/Spark-Scala/project/, ...) took 1751.1618ms
[debug]       Load.apply: load took 1752.2282ms
[debug]       Load.apply: resolveProjects took 0.088899ms
[debug]       Load.apply: finalTransforms took 7.7448ms
[debug]       Load.apply: config.delegates took 0.2879ms
[debug]       Load.apply: Def.make(settings)... took 54.1463ms
[debug]       Load.apply: structureIndex took 17.6566ms
[debug]       Load.apply: mkStreams took 0.003ms
[info] loading project definition from C:\Users\aliya\Desktop\IntelliJ IDEA 2024.3\bin\Desktop\Projects\Spark-Scala\project
[debug] Running task... Cancel: Signal, check cycles: false, forcegc: true
[debug]     Load.loadUnit: plugins took 2097.286499ms
[debug]     Load.loadUnit: defsScala took 0.0017ms
[debug] [Loading] Scanning directory C:\Users\aliya\Desktop\IntelliJ IDEA 2024.3\bin\Desktop\Projects\Spark-Scala
[debug]       Load.loadUnit: mkEval took 0.3069ms
[debug] [Loading] Found non-root projects 
[debug] [Loading] Done in C:\Users\aliya\Desktop\IntelliJ IDEA 2024.3\bin\Desktop\Projects\Spark-Scala, returning: ()
[debug] deducing auto plugins based on known facts Set(Atom(sbt.plugins.CorePlugin)) and clauses Clauses(Clause(Atom(sbt.plugins.JvmPlugin),Set(Atom(sbt.plugins.IvyPlugin)))
[debug] Clause(Atom(sbt.ScriptedPlugin),Set(Atom(sbt.plugins.JvmPlugin)))
[debug] Clause(Atom(sbt.plugins.SbtPlugin),Set(Atom(sbt.ScriptedPlugin)))
[debug] Clause(Atom(sbt.plugins.SemanticdbPlugin),Set(Atom(sbt.plugins.JvmPlugin)))
[debug] Clause(Atom(sbt.plugins.JUnitXmlReportPlugin),Set(Atom(sbt.plugins.JvmPlugin)))
[debug] Clause(Atom(sbt.plugins.MiniDependencyTreePlugin),Set(Atom(sbt.plugins.JvmPlugin)))
[debug] Clause(Atom(org.jetbrains.sbt.GenerateAllManagedSourcesPlugin),Set(Atom(sbt.plugins.JvmPlugin)))
[debug] Clause(Atom(org.jetbrains.sbt.StructurePlugin),Set(Atom(sbt.plugins.JvmPlugin)))
[debug] Clause(Atom(org.jetbrains.sbt.IdeaShellPlugin),Set(Atom(sbt.plugins.JvmPlugin)))
[debug] Clause(Atom(sbt.plugins.CorePlugin),Set(Atom(sbt.plugins.IvyPlugin)))
[debug] Clause(Atom(sbt.plugins.IvyPlugin),Set(Atom(sbt.plugins.JvmPlugin)))
[debug] Clause(Atom(sbt.plugins.JvmPlugin),Set(Atom(sbt.plugins.SemanticdbPlugin)))
[debug] Clause(Atom(sbt.plugins.JvmPlugin),Set(Atom(sbt.plugins.JUnitXmlReportPlugin)))
[debug] Clause(Atom(sbt.plugins.CorePlugin),Set(Atom(sbt.plugins.Giter8TemplatePlugin)))
[debug] Clause(Atom(sbt.plugins.JvmPlugin),Set(Atom(sbt.plugins.MiniDependencyTreePlugin)))
[debug] Clause(Atom(sbt.plugins.JvmPlugin),Set(Atom(org.jetbrains.sbt.GenerateAllManagedSourcesPlugin)))
[debug] Clause(Atom(sbt.plugins.JvmPlugin),Set(Atom(org.jetbrains.sbt.StructurePlugin)))
[debug] Clause(Atom(sbt.plugins.JvmPlugin),Set(Atom(org.jetbrains.sbt.IdeaShellPlugin))))
[debug]   :: deduced result: Matched(sbt.plugins.CorePlugin,sbt.plugins.Giter8TemplatePlugin,sbt.plugins.IvyPlugin,sbt.plugins.JvmPlugin,org.jetbrains.sbt.GenerateAllManagedSourcesPlugin,sbt.plugins.SemanticdbPlugin,sbt.plugins.JUnitXmlReportPlugin,org.jetbrains.sbt.IdeaShellPlugin,org.jetbrains.sbt.StructurePlugin,sbt.plugins.MiniDependencyTreePlugin)
[debug] Plugins.deducer#function took 2.0036 ms
[info] loading settings for project spark-scala from build.sbt...
[debug]         Load.resolveProject(spark-scala) took 34.214599ms
[debug]       Load.loadTransitive: finalizeProject(Project(id spark-scala, base: C:\Users\aliya\Desktop\IntelliJ IDEA 2024.3\bin\Desktop\Projects\Spark-Scala, plugins: List(<none>))) took 36.7734ms
[debug] [Loading] Done in C:\Users\aliya\Desktop\IntelliJ IDEA 2024.3\bin\Desktop\Projects\Spark-Scala, returning: (spark-scala)
[debug]     Load.loadUnit: loadedProjectsRaw took 992.8085ms
[debug]     Load.loadUnit: cleanEvalClasses took 28.1059ms
[debug]   Load.loadUnit(file:/C:/Users/aliya/Desktop/IntelliJ%20IDEA%202024.3/bin/Desktop/Projects/Spark-Scala/, ...) took 3119.0253ms
[debug] Load.apply: load took 3120.3757ms
[debug] Load.apply: resolveProjects took 0.1389ms
[debug] Load.apply: finalTransforms took 21.410899ms
[debug] Load.apply: config.delegates took 0.2675ms
[debug] Load.apply: Def.make(settings)... took 66.424301ms
[debug] Load.apply: structureIndex took 15.1779ms
[debug] Load.apply: mkStreams took 0.002501ms
[info] set current project to spark-scala (in build file:/C:/Users/aliya/Desktop/IntelliJ%20IDEA%202024.3/bin/Desktop/Projects/Spark-Scala/)
[debug] > Exec(sbtPopOnFailure, None, None)
[debug] > Exec(resumeFromFailure, None, None)
[debug] > Exec(notifyUsersAboutShell, None, None)
[debug] > Exec(iflast shell, None, None)
[debug] > Exec(idea-shell, None, None)
